Listening for transport dt_socket at address: 5005
[2019-08-02 12:48:23,706]-[main] DEBUG io.netty.util.internal.logging.InternalLoggerFactory - Using SLF4J as the default logging framework
[2019-08-02 12:48:23,722]-[main] DEBUG io.netty.util.internal.PlatformDependent0 - -Dio.netty.noUnsafe: false
[2019-08-02 12:48:23,722]-[main] DEBUG io.netty.util.internal.PlatformDependent0 - Java version: 8
[2019-08-02 12:48:23,723]-[main] DEBUG io.netty.util.internal.PlatformDependent0 - sun.misc.Unsafe.theUnsafe: available
[2019-08-02 12:48:23,723]-[main] DEBUG io.netty.util.internal.PlatformDependent0 - sun.misc.Unsafe.copyMemory: available
[2019-08-02 12:48:23,723]-[main] DEBUG io.netty.util.internal.PlatformDependent0 - java.nio.Buffer.address: available
[2019-08-02 12:48:23,724]-[main] DEBUG io.netty.util.internal.PlatformDependent0 - direct buffer constructor: available
[2019-08-02 12:48:23,724]-[main] DEBUG io.netty.util.internal.PlatformDependent0 - java.nio.Bits.unaligned: available, true
[2019-08-02 12:48:23,724]-[main] DEBUG io.netty.util.internal.PlatformDependent0 - jdk.internal.misc.Unsafe.allocateUninitializedArray(int): unavailable prior to Java9
[2019-08-02 12:48:23,724]-[main] DEBUG io.netty.util.internal.PlatformDependent0 - java.nio.DirectByteBuffer.<init>(long, int): available
[2019-08-02 12:48:23,724]-[main] DEBUG io.netty.util.internal.PlatformDependent - sun.misc.Unsafe: available
[2019-08-02 12:48:23,724]-[main] DEBUG io.netty.util.internal.PlatformDependent - -Dio.netty.tmpdir: /tmp (java.io.tmpdir)
[2019-08-02 12:48:23,725]-[main] DEBUG io.netty.util.internal.PlatformDependent - -Dio.netty.bitMode: 64 (sun.arch.data.model)
[2019-08-02 12:48:23,725]-[main] DEBUG io.netty.util.internal.PlatformDependent - -Dio.netty.maxDirectMemory: 3706191872 bytes
[2019-08-02 12:48:23,725]-[main] DEBUG io.netty.util.internal.PlatformDependent - -Dio.netty.uninitializedArrayAllocationThreshold: -1
[2019-08-02 12:48:23,726]-[main] DEBUG io.netty.util.internal.CleanerJava6 - java.nio.ByteBuffer.cleaner(): available
[2019-08-02 12:48:23,726]-[main] DEBUG io.netty.util.internal.PlatformDependent - -Dio.netty.noPreferDirect: false
[2019-08-02 12:48:23,728]-[main] DEBUG io.netty.util.internal.NativeLibraryLoader - -Dio.netty.native.workdir: /tmp (io.netty.tmpdir)
[2019-08-02 12:48:23,728]-[main] DEBUG io.netty.util.internal.NativeLibraryLoader - -Dio.netty.native.deleteLibAfterLoading: true
[2019-08-02 12:48:23,728]-[main] DEBUG io.netty.util.internal.NativeLibraryLoader - -Dio.netty.native.tryPatchShadedId: true
[2019-08-02 12:48:23,730]-[main] DEBUG io.netty.util.internal.NativeLibraryLoader - Unable to load the library 'netty_transport_native_epoll_x86_64', trying other loading mechanism.
java.lang.UnsatisfiedLinkError: no netty_transport_native_epoll_x86_64 in java.library.path
	at java.lang.ClassLoader.loadLibrary(ClassLoader.java:1867)
	at java.lang.Runtime.loadLibrary0(Runtime.java:870)
	at java.lang.System.loadLibrary(System.java:1122)
	at io.netty.util.internal.NativeLibraryUtil.loadLibrary(NativeLibraryUtil.java:38)
	at sun.reflect.NativeMethodAccessorImpl.invoke0(Native Method)
	at sun.reflect.NativeMethodAccessorImpl.invoke(NativeMethodAccessorImpl.java:62)
	at sun.reflect.DelegatingMethodAccessorImpl.invoke(DelegatingMethodAccessorImpl.java:43)
	at java.lang.reflect.Method.invoke(Method.java:498)
	at io.netty.util.internal.NativeLibraryLoader$1.run(NativeLibraryLoader.java:369)
	at java.security.AccessController.doPrivileged(Native Method)
	at io.netty.util.internal.NativeLibraryLoader.loadLibraryByHelper(NativeLibraryLoader.java:361)
	at io.netty.util.internal.NativeLibraryLoader.loadLibrary(NativeLibraryLoader.java:339)
	at io.netty.util.internal.NativeLibraryLoader.load(NativeLibraryLoader.java:136)
	at io.netty.channel.epoll.Native.loadNativeLibrary(Native.java:186)
	at io.netty.channel.epoll.Native.<clinit>(Native.java:57)
	at io.netty.channel.epoll.Epoll.<clinit>(Epoll.java:38)
	at io.ktor.server.netty.EventLoopGroupProxy$Companion.create(NettyApplicationEngine.kt:186)
	at io.ktor.server.netty.NettyApplicationEngine.<init>(NettyApplicationEngine.kt:74)
	at io.ktor.server.netty.EngineMain.main(EngineMain.kt:22)
[2019-08-02 12:48:23,732]-[main] DEBUG io.netty.util.internal.NativeLibraryLoader - netty_transport_native_epoll_x86_64 cannot be loaded from java.library.path, now trying export to -Dio.netty.native.workdir: /tmp
java.lang.UnsatisfiedLinkError: no netty_transport_native_epoll_x86_64 in java.library.path
	at java.lang.ClassLoader.loadLibrary(ClassLoader.java:1867)
	at java.lang.Runtime.loadLibrary0(Runtime.java:870)
	at java.lang.System.loadLibrary(System.java:1122)
	at io.netty.util.internal.NativeLibraryUtil.loadLibrary(NativeLibraryUtil.java:38)
	at io.netty.util.internal.NativeLibraryLoader.loadLibrary(NativeLibraryLoader.java:349)
	at io.netty.util.internal.NativeLibraryLoader.load(NativeLibraryLoader.java:136)
	at io.netty.channel.epoll.Native.loadNativeLibrary(Native.java:186)
	at io.netty.channel.epoll.Native.<clinit>(Native.java:57)
	at io.netty.channel.epoll.Epoll.<clinit>(Epoll.java:38)
	at io.ktor.server.netty.EventLoopGroupProxy$Companion.create(NettyApplicationEngine.kt:186)
	at io.ktor.server.netty.NettyApplicationEngine.<init>(NettyApplicationEngine.kt:74)
	at io.ktor.server.netty.EngineMain.main(EngineMain.kt:22)
	Suppressed: java.lang.UnsatisfiedLinkError: no netty_transport_native_epoll_x86_64 in java.library.path
		at java.lang.ClassLoader.loadLibrary(ClassLoader.java:1867)
		at java.lang.Runtime.loadLibrary0(Runtime.java:870)
		at java.lang.System.loadLibrary(System.java:1122)
		at io.netty.util.internal.NativeLibraryUtil.loadLibrary(NativeLibraryUtil.java:38)
		at sun.reflect.NativeMethodAccessorImpl.invoke0(Native Method)
		at sun.reflect.NativeMethodAccessorImpl.invoke(NativeMethodAccessorImpl.java:62)
		at sun.reflect.DelegatingMethodAccessorImpl.invoke(DelegatingMethodAccessorImpl.java:43)
		at java.lang.reflect.Method.invoke(Method.java:498)
		at io.netty.util.internal.NativeLibraryLoader$1.run(NativeLibraryLoader.java:369)
		at java.security.AccessController.doPrivileged(Native Method)
		at io.netty.util.internal.NativeLibraryLoader.loadLibraryByHelper(NativeLibraryLoader.java:361)
		at io.netty.util.internal.NativeLibraryLoader.loadLibrary(NativeLibraryLoader.java:339)
		... 7 common frames omitted
[2019-08-02 12:48:23,733]-[main] DEBUG io.netty.util.internal.NativeLibraryLoader - Unable to load the library 'netty_transport_native_epoll', trying other loading mechanism.
java.lang.UnsatisfiedLinkError: no netty_transport_native_epoll in java.library.path
	at java.lang.ClassLoader.loadLibrary(ClassLoader.java:1867)
	at java.lang.Runtime.loadLibrary0(Runtime.java:870)
	at java.lang.System.loadLibrary(System.java:1122)
	at io.netty.util.internal.NativeLibraryUtil.loadLibrary(NativeLibraryUtil.java:38)
	at sun.reflect.NativeMethodAccessorImpl.invoke0(Native Method)
	at sun.reflect.NativeMethodAccessorImpl.invoke(NativeMethodAccessorImpl.java:62)
	at sun.reflect.DelegatingMethodAccessorImpl.invoke(DelegatingMethodAccessorImpl.java:43)
	at java.lang.reflect.Method.invoke(Method.java:498)
	at io.netty.util.internal.NativeLibraryLoader$1.run(NativeLibraryLoader.java:369)
	at java.security.AccessController.doPrivileged(Native Method)
	at io.netty.util.internal.NativeLibraryLoader.loadLibraryByHelper(NativeLibraryLoader.java:361)
	at io.netty.util.internal.NativeLibraryLoader.loadLibrary(NativeLibraryLoader.java:339)
	at io.netty.util.internal.NativeLibraryLoader.load(NativeLibraryLoader.java:136)
	at io.netty.channel.epoll.Native.loadNativeLibrary(Native.java:189)
	at io.netty.channel.epoll.Native.<clinit>(Native.java:57)
	at io.netty.channel.epoll.Epoll.<clinit>(Epoll.java:38)
	at io.ktor.server.netty.EventLoopGroupProxy$Companion.create(NettyApplicationEngine.kt:186)
	at io.ktor.server.netty.NettyApplicationEngine.<init>(NettyApplicationEngine.kt:74)
	at io.ktor.server.netty.EngineMain.main(EngineMain.kt:22)
[2019-08-02 12:48:23,733]-[main] DEBUG io.netty.util.internal.NativeLibraryLoader - netty_transport_native_epoll cannot be loaded from java.library.path, now trying export to -Dio.netty.native.workdir: /tmp
java.lang.UnsatisfiedLinkError: no netty_transport_native_epoll in java.library.path
	at java.lang.ClassLoader.loadLibrary(ClassLoader.java:1867)
	at java.lang.Runtime.loadLibrary0(Runtime.java:870)
	at java.lang.System.loadLibrary(System.java:1122)
	at io.netty.util.internal.NativeLibraryUtil.loadLibrary(NativeLibraryUtil.java:38)
	at io.netty.util.internal.NativeLibraryLoader.loadLibrary(NativeLibraryLoader.java:349)
	at io.netty.util.internal.NativeLibraryLoader.load(NativeLibraryLoader.java:136)
	at io.netty.channel.epoll.Native.loadNativeLibrary(Native.java:189)
	at io.netty.channel.epoll.Native.<clinit>(Native.java:57)
	at io.netty.channel.epoll.Epoll.<clinit>(Epoll.java:38)
	at io.ktor.server.netty.EventLoopGroupProxy$Companion.create(NettyApplicationEngine.kt:186)
	at io.ktor.server.netty.NettyApplicationEngine.<init>(NettyApplicationEngine.kt:74)
	at io.ktor.server.netty.EngineMain.main(EngineMain.kt:22)
	Suppressed: java.lang.UnsatisfiedLinkError: no netty_transport_native_epoll in java.library.path
		at java.lang.ClassLoader.loadLibrary(ClassLoader.java:1867)
		at java.lang.Runtime.loadLibrary0(Runtime.java:870)
		at java.lang.System.loadLibrary(System.java:1122)
		at io.netty.util.internal.NativeLibraryUtil.loadLibrary(NativeLibraryUtil.java:38)
		at sun.reflect.NativeMethodAccessorImpl.invoke0(Native Method)
		at sun.reflect.NativeMethodAccessorImpl.invoke(NativeMethodAccessorImpl.java:62)
		at sun.reflect.DelegatingMethodAccessorImpl.invoke(DelegatingMethodAccessorImpl.java:43)
		at java.lang.reflect.Method.invoke(Method.java:498)
		at io.netty.util.internal.NativeLibraryLoader$1.run(NativeLibraryLoader.java:369)
		at java.security.AccessController.doPrivileged(Native Method)
		at io.netty.util.internal.NativeLibraryLoader.loadLibraryByHelper(NativeLibraryLoader.java:361)
		at io.netty.util.internal.NativeLibraryLoader.loadLibrary(NativeLibraryLoader.java:339)
		... 7 common frames omitted
[2019-08-02 12:48:23,745]-[main] DEBUG io.netty.channel.MultithreadEventLoopGroup - -Dio.netty.eventLoopThreads: 16
[2019-08-02 12:48:23,763]-[main] DEBUG io.netty.util.internal.InternalThreadLocalMap - -Dio.netty.threadLocalMap.stringBuilder.initialSize: 1024
[2019-08-02 12:48:23,763]-[main] DEBUG io.netty.util.internal.InternalThreadLocalMap - -Dio.netty.threadLocalMap.stringBuilder.maxSize: 4096
[2019-08-02 12:48:23,772]-[main] DEBUG io.netty.channel.nio.NioEventLoop - -Dio.netty.noKeySetOptimization: false
[2019-08-02 12:48:23,772]-[main] DEBUG io.netty.channel.nio.NioEventLoop - -Dio.netty.selectorAutoRebuildThreshold: 512
[2019-08-02 12:48:23,781]-[main] DEBUG io.netty.util.internal.PlatformDependent - org.jctools-core.MpscChunkedArrayQueue: available
[2019-08-02 12:48:23,825]-[main] DEBUG Application - Java Home: /home/mpetuska/.sdkman/candidates/java/8.0.212-amzn
[2019-08-02 12:48:23,831]-[main] DEBUG Application - Class Loader: sun.misc.Launcher$AppClassLoader@18b4aac2: [/home/mpetuska/IdeaProjects/Personal/hazelcast-explorer-v3/build/classes/kotlin/backend/main/, /home/mpetuska/IdeaProjects/Personal/hazelcast-explorer-v3/build/processedResources/backend/main, /home/mpetuska/IdeaProjects/Personal/hazelcast-explorer-v3/build/classes/kotlin/backend/test/, /home/mpetuska/IdeaProjects/Personal/hazelcast-explorer-v3/build/processedResources/backend/test/, /home/mpetuska/.gradle/caches/modules-2/files-2.1/io.ktor/ktor-serialization/1.2.3/5cbd24b4a74e12be668c6859fc94d135f4916538/ktor-serialization-1.2.3.jar, /home/mpetuska/.gradle/caches/modules-2/files-2.1/org.kodein.di/kodein-di-framework-ktor-server-jvm/6.3.3/251f5832f27296a5404e7ff19ced2a73942220fd/kodein-di-framework-ktor-server-jvm-6.3.3.jar, /home/mpetuska/.gradle/caches/modules-2/files-2.1/io.ktor/ktor-server-netty/1.2.3/afcdc1463293a4fc5a75686779e1ad953d647698/ktor-server-netty-1.2.3.jar, /home/mpetuska/.gradle/caches/modules-2/files-2.1/io.ktor/ktor-server-host-common/1.2.3/d9e61d7fab8e24ddec3f8aa40e63082837f6bb1a/ktor-server-host-common-1.2.3.jar, /home/mpetuska/.gradle/caches/modules-2/files-2.1/io.ktor/ktor-server-core/1.2.3/77f53716926dbc5c74039eaddce2b4b04e778950/ktor-server-core-1.2.3.jar, /home/mpetuska/.gradle/caches/modules-2/files-2.1/io.ktor/ktor-http-cio-jvm/1.2.3/84a5e47f099c64db452bce5891d783589fb913e6/ktor-http-cio-jvm-1.2.3.jar, /home/mpetuska/.gradle/caches/modules-2/files-2.1/io.ktor/ktor-http-jvm/1.2.3/8fb04cceeb7f558439a24f3b3c37ff50d5acedc0/ktor-http-jvm-1.2.3.jar, /home/mpetuska/.gradle/caches/modules-2/files-2.1/io.ktor/ktor-network/1.2.3/8f1148c81fbb57b4c1374b9192ecfc2248bb85fb/ktor-network-1.2.3.jar, /home/mpetuska/.gradle/caches/modules-2/files-2.1/io.ktor/ktor-utils-jvm/1.2.3/aeb756cd608b88e390b80d4aa1c6efddc80d7a98/ktor-utils-jvm-1.2.3.jar, /home/mpetuska/.gradle/caches/modules-2/files-2.1/org.jetbrains.kotlin/kotlin-stdlib-jdk8/1.3.41/77652607ed82a49202d8a0b89de16994b61bdd75/kotlin-stdlib-jdk8-1.3.41.jar, /home/mpetuska/.gradle/caches/modules-2/files-2.1/io.ktor/ktor/1.1.1/6745be71f13dc0b571599094165168ea1e0c7319/ktor-1.1.1.jar, /home/mpetuska/.gradle/caches/modules-2/files-2.1/org.jetbrains.kotlin/kotlin-reflect/1.3.41/8fb58b8954661de666e321478bf4178c18ce8018/kotlin-reflect-1.3.41.jar, /home/mpetuska/.gradle/caches/modules-2/files-2.1/org.jetbrains.kotlinx/kotlinx-serialization-runtime/0.11.1/fcb54fe242d6addcd89b8aececb835a6b392c568/kotlinx-serialization-runtime-0.11.1.jar, /home/mpetuska/.gradle/caches/modules-2/files-2.1/ch.qos.logback/logback-classic/1.2.3/7c4f3c474fb2c041d8028740440937705ebb473a/logback-classic-1.2.3.jar, /home/mpetuska/.gradle/caches/modules-2/files-2.1/org.kodein.di/kodein-di-generic-jvm/6.3.3/bec5a77d72f6b5e3e1da55de57280666c604dd95/kodein-di-generic-jvm-6.3.3.jar, /home/mpetuska/.gradle/caches/modules-2/files-2.1/com.hazelcast/hazelcast-client/3.8.6/9f2b76b036e7415149de8998aa21fb8585b7c2ea/hazelcast-client-3.8.6.jar, /home/mpetuska/.gradle/caches/modules-2/files-2.1/org.jetbrains.kotlinx/kotlinx-serialization-runtime-common/0.11.1/707097f1ac746e78e5bc7210c9fb397526144b5c/kotlinx-serialization-runtime-common-0.11.1.jar, /home/mpetuska/.gradle/caches/modules-2/files-2.1/org.kodein.di/kodein-di-core-jvm/6.3.3/34b073a5cbabe1a8ac265e08ae9ad70ac57c27/kodein-di-core-jvm-6.3.3.jar, /home/mpetuska/.gradle/caches/modules-2/files-2.1/org.jetbrains.kotlin/kotlin-stdlib-jdk7/1.3.41/a1f331124ba069a09e964ad2640c36f140f2c758/kotlin-stdlib-jdk7-1.3.41.jar, /home/mpetuska/.gradle/caches/modules-2/files-2.1/org.jetbrains.kotlinx/kotlinx-coroutines-io-jvm/0.1.12/a2a52bda7064b757a37ca8e780e03eba7b988c5f/kotlinx-coroutines-io-jvm-0.1.12.jar, /home/mpetuska/.gradle/caches/modules-2/files-2.1/org.jetbrains.kotlinx/kotlinx-io-jvm/0.1.12/dc0c736b293fd7cdf93baaa2f6ae7c80298e0867/kotlinx-io-jvm-0.1.12.jar, /home/mpetuska/.gradle/caches/modules-2/files-2.1/org.jetbrains.kotlinx/atomicfu/0.12.9/5cee16643956d76c52c7ef345448b0990b6e1e04/atomicfu-0.12.9.jar, /home/mpetuska/.gradle/caches/modules-2/files-2.1/org.jetbrains.kotlinx/kotlinx-coroutines-jdk8/1.2.2/71653b85af2fe6baeb5314c2863dffe7aac8068a/kotlinx-coroutines-jdk8-1.2.2.jar, /home/mpetuska/.gradle/caches/modules-2/files-2.1/org.jetbrains.kotlinx/kotlinx-coroutines-core/1.2.2/6ff48bdfc38a8c22e3fc37605b6a6afaed3b6dbd/kotlinx-coroutines-core-1.2.2.jar, /home/mpetuska/.gradle/caches/modules-2/files-2.1/org.jetbrains.kotlin/kotlin-stdlib/1.3.41/e24bd38de28a326cce8b1f0d61e809e9a92dad6a/kotlin-stdlib-1.3.41.jar, /home/mpetuska/.gradle/caches/modules-2/files-2.1/org.jetbrains.kotlinx/kotlinx-coroutines-io/0.1.12/c73db7c22ec420426fe12c3edadec90f10ae17cd/kotlinx-coroutines-io-0.1.12.jar, /home/mpetuska/.gradle/caches/modules-2/files-2.1/org.jetbrains.kotlinx/kotlinx-io/0.1.12/644622dd88fe0a69ccd349e19c1aa2ad43b62905/kotlinx-io-0.1.12.jar, /home/mpetuska/.gradle/caches/modules-2/files-2.1/org.jetbrains.kotlinx/kotlinx-coroutines-core-common/1.2.2/8b54928fbb813408684911eb27d6afeb23c92a4b/kotlinx-coroutines-core-common-1.2.2.jar, /home/mpetuska/.gradle/caches/modules-2/files-2.1/org.jetbrains.kotlin/kotlin-stdlib-common/1.3.41/2ecf4aa059427d7186312fd1736afedf7972e7f7/kotlin-stdlib-common-1.3.41.jar, /home/mpetuska/.gradle/caches/modules-2/files-2.1/org.slf4j/slf4j-api/1.7.26/77100a62c2e6f04b53977b9f541044d7d722693d/slf4j-api-1.7.26.jar, /home/mpetuska/.gradle/caches/modules-2/files-2.1/com.typesafe/config/1.3.1/2cf7a6cc79732e3bdf1647d7404279900ca63eb0/config-1.3.1.jar, /home/mpetuska/.gradle/caches/modules-2/files-2.1/io.netty/netty-codec-http2/4.1.37.Final/c2fee26cc289edade4179450cec89117678fecda/netty-codec-http2-4.1.37.Final.jar, /home/mpetuska/.gradle/caches/modules-2/files-2.1/org.eclipse.jetty.alpn/alpn-api/1.1.3.v20160715/a1bf3a937f91b4c953acd13e8c9552347adc2198/alpn-api-1.1.3.v20160715.jar, /home/mpetuska/.gradle/caches/modules-2/files-2.1/io.netty/netty-transport-native-kqueue/4.1.37.Final/1654df842769258b33667c9cf759efdd8cb368e1/netty-transport-native-kqueue-4.1.37.Final.jar, /home/mpetuska/.gradle/caches/modules-2/files-2.1/io.netty/netty-transport-native-epoll/4.1.37.Final/6030aed0cfaec6cc4634fb9860e4df11dc468a49/netty-transport-native-epoll-4.1.37.Final.jar, /home/mpetuska/.gradle/caches/modules-2/files-2.1/ch.qos.logback/logback-core/1.2.3/864344400c3d4d92dfeb0a305dc87d953677c03c/logback-core-1.2.3.jar, /home/mpetuska/.gradle/caches/modules-2/files-2.1/com.hazelcast/hazelcast/3.8.6/37c3577a1df9aeccf34d9a8773b2763709f701fc/hazelcast-3.8.6.jar, /home/mpetuska/.gradle/caches/modules-2/files-2.1/org.jetbrains/annotations/13.0/919f0dfe192fb4e063e7dacadee7f8bb9a2672a9/annotations-13.0.jar, /home/mpetuska/.gradle/caches/modules-2/files-2.1/org.jetbrains.kotlinx/atomicfu-common/0.12.9/ba80bc10a440ea504b5cebd262becf9870e309c3/atomicfu-common-0.12.9.jar, /home/mpetuska/.gradle/caches/modules-2/files-2.1/io.netty/netty-codec-http/4.1.37.Final/2f48ca593911154dadcc710707f7278327467c21/netty-codec-http-4.1.37.Final.jar, /home/mpetuska/.gradle/caches/modules-2/files-2.1/io.netty/netty-handler/4.1.37.Final/a242f98517b4dc1a53a0eb7dad8ad30d4f4b9f2e/netty-handler-4.1.37.Final.jar, /home/mpetuska/.gradle/caches/modules-2/files-2.1/io.netty/netty-codec/4.1.37.Final/631e6e0004deb18cb4fc4e3ba353b7a10a72fe07/netty-codec-4.1.37.Final.jar, /home/mpetuska/.gradle/caches/modules-2/files-2.1/io.netty/netty-transport-native-unix-common/4.1.37.Final/2d4deaf1b170f725e2f00c93fe381f6f111238ed/netty-transport-native-unix-common-4.1.37.Final.jar, /home/mpetuska/.gradle/caches/modules-2/files-2.1/io.netty/netty-transport/4.1.37.Final/8d20aa332547064fd7a8387df2462b314cc2a970/netty-transport-4.1.37.Final.jar, /home/mpetuska/.gradle/caches/modules-2/files-2.1/io.netty/netty-buffer/4.1.37.Final/5ff3deb0f20fc69c54a366e21c7d383b499dedb2/netty-buffer-4.1.37.Final.jar, /home/mpetuska/.gradle/caches/modules-2/files-2.1/io.netty/netty-resolver/4.1.37.Final/64952c248bec760f3505025faf6d9cc64da1402c/netty-resolver-4.1.37.Final.jar, /home/mpetuska/.gradle/caches/modules-2/files-2.1/io.netty/netty-common/4.1.37.Final/a4361300ca3ee2cd6c67c4f84c507164b99cea99/netty-common-4.1.37.Final.jar, /home/mpetuska/.gradle/caches/modules-2/files-2.1/org.jetbrains.kotlin/kotlin-test-junit/1.3.41/2ec43deb5225811cb0fd63385b7f9382a78cd225/kotlin-test-junit-1.3.41.jar, /home/mpetuska/.gradle/caches/modules-2/files-2.1/org.jetbrains.kotlin/kotlin-test/1.3.41/98efd6e69ef6f877b086dfd7894a4c36fe5d5736/kotlin-test-1.3.41.jar, /home/mpetuska/.gradle/caches/modules-2/files-2.1/org.jetbrains.kotlin/kotlin-test-common/1.3.41/744000c1a0ef654706ce3367a10543590dab9246/kotlin-test-common-1.3.41.jar, /home/mpetuska/.gradle/caches/modules-2/files-2.1/org.jetbrains.kotlin/kotlin-test-annotations-common/1.3.41/f57e03dea3d1a81b5e1b3cdcf4eb2710a3fac173/kotlin-test-annotations-common-1.3.41.jar, /home/mpetuska/.gradle/caches/modules-2/files-2.1/junit/junit/4.12/2973d150c0dc1fefe998f834810d68f278ea58ec/junit-4.12.jar, /home/mpetuska/.gradle/caches/modules-2/files-2.1/org.hamcrest/hamcrest-core/1.3/42a25dc3219429f0e5d060061f71acb49bf010a0/hamcrest-core-1.3.jar, /home/mpetuska/IdeaProjects/Personal/hazelcast-explorer-v3/build/exploded/frontend/]
[2019-08-02 12:48:23,844]-[main] DEBUG Application - Watching /home/mpetuska/IdeaProjects/Personal/hazelcast-explorer-v3/build/classes/kotlin/backend/main/lt/petuska/hazelcast/explorer/configuration/application for changes.
[2019-08-02 12:48:23,844]-[main] DEBUG Application - Watching /home/mpetuska/IdeaProjects/Personal/hazelcast-explorer-v3/build/classes/kotlin/backend/main/lt/petuska/hazelcast/explorer/domain/common for changes.
[2019-08-02 12:48:23,844]-[main] DEBUG Application - Watching /home/mpetuska/IdeaProjects/Personal/hazelcast-explorer-v3/build/classes/kotlin/backend/main/lt/petuska/hazelcast/explorer/service for changes.
[2019-08-02 12:48:23,844]-[main] DEBUG Application - Watching /home/mpetuska/IdeaProjects/Personal/hazelcast-explorer-v3/build/classes/kotlin/backend/test/lt/petuska/hazelcast/explorer for changes.
[2019-08-02 12:48:23,844]-[main] DEBUG Application - Watching /home/mpetuska/IdeaProjects/Personal/hazelcast-explorer-v3/build/classes/kotlin/backend/main/lt/petuska/hazelcast/explorer/util for changes.
[2019-08-02 12:48:23,844]-[main] DEBUG Application - Watching /home/mpetuska/IdeaProjects/Personal/hazelcast-explorer-v3/build/classes/kotlin/backend/main/lt/petuska/hazelcast/explorer/domain/environment/target/entity for changes.
[2019-08-02 12:48:23,844]-[main] DEBUG Application - Watching /home/mpetuska/IdeaProjects/Personal/hazelcast-explorer-v3/build/classes/kotlin/backend/test/lt/petuska/hazelcast for changes.
[2019-08-02 12:48:23,844]-[main] DEBUG Application - Watching /home/mpetuska/IdeaProjects/Personal/hazelcast-explorer-v3/build/classes/kotlin/backend/main/lt/petuska/hazelcast/explorer/configuration/domain for changes.
[2019-08-02 12:48:23,844]-[main] DEBUG Application - Watching /home/mpetuska/IdeaProjects/Personal/hazelcast-explorer-v3/build/classes/kotlin/backend/test for changes.
[2019-08-02 12:48:23,844]-[main] DEBUG Application - Watching /home/mpetuska/IdeaProjects/Personal/hazelcast-explorer-v3/build/classes/kotlin/backend/main/lt/petuska/hazelcast/explorer/configuration/domain/descriptor/environment/target for changes.
[2019-08-02 12:48:23,844]-[main] DEBUG Application - Watching /home/mpetuska/IdeaProjects/Personal/hazelcast-explorer-v3/build/classes/kotlin/backend/test/lt/petuska for changes.
[2019-08-02 12:48:23,844]-[main] DEBUG Application - Watching /home/mpetuska/IdeaProjects/Personal/hazelcast-explorer-v3/build/classes/kotlin/backend/main/lt/petuska/hazelcast/explorer/configuration/domain/descriptor/environment for changes.
[2019-08-02 12:48:23,844]-[main] DEBUG Application - Watching /home/mpetuska/IdeaProjects/Personal/hazelcast-explorer-v3/build/classes/kotlin/backend/test/META-INF for changes.
[2019-08-02 12:48:23,844]-[main] DEBUG Application - Watching /home/mpetuska/IdeaProjects/Personal/hazelcast-explorer-v3/build/classes/kotlin/backend/main/lt/petuska/hazelcast/explorer/domain for changes.
[2019-08-02 12:48:23,844]-[main] DEBUG Application - Watching /home/mpetuska/IdeaProjects/Personal/hazelcast-explorer-v3/build/classes/kotlin/backend/main/lt/petuska/hazelcast for changes.
[2019-08-02 12:48:23,845]-[main] DEBUG Application - Watching /home/mpetuska/IdeaProjects/Personal/hazelcast-explorer-v3/build/classes/kotlin/backend/main/lt/petuska/hazelcast/explorer for changes.
[2019-08-02 12:48:23,845]-[main] DEBUG Application - Watching /home/mpetuska/IdeaProjects/Personal/hazelcast-explorer-v3/build/classes/kotlin/backend/main/lt/petuska/hazelcast/explorer/configuration/domain/descriptor/environment/target/entity for changes.
[2019-08-02 12:48:23,845]-[main] DEBUG Application - Watching /home/mpetuska/IdeaProjects/Personal/hazelcast-explorer-v3/build/classes/kotlin/backend/main/lt/petuska for changes.
[2019-08-02 12:48:23,845]-[main] DEBUG Application - Watching /home/mpetuska/IdeaProjects/Personal/hazelcast-explorer-v3/build/classes/kotlin/backend/main/lt/petuska/hazelcast/explorer/configuration/domain/descriptor for changes.
[2019-08-02 12:48:23,845]-[main] DEBUG Application - Watching /home/mpetuska/IdeaProjects/Personal/hazelcast-explorer-v3/build/classes/kotlin/backend/main for changes.
[2019-08-02 12:48:23,845]-[main] DEBUG Application - Watching /home/mpetuska/IdeaProjects/Personal/hazelcast-explorer-v3/build/classes/kotlin/backend/test/lt for changes.
[2019-08-02 12:48:23,845]-[main] DEBUG Application - Watching /home/mpetuska/IdeaProjects/Personal/hazelcast-explorer-v3/build/classes/kotlin/backend/main/META-INF for changes.
[2019-08-02 12:48:23,845]-[main] DEBUG Application - Watching /home/mpetuska/IdeaProjects/Personal/hazelcast-explorer-v3/build/classes/kotlin/backend/main/lt/petuska/hazelcast/explorer/domain/enumerator for changes.
[2019-08-02 12:48:23,845]-[main] DEBUG Application - Watching /home/mpetuska/IdeaProjects/Personal/hazelcast-explorer-v3/build/classes/kotlin/backend/main/lt for changes.
[2019-08-02 12:48:23,845]-[main] DEBUG Application - Watching /home/mpetuska/IdeaProjects/Personal/hazelcast-explorer-v3/build/classes/kotlin/backend/main/lt/petuska/hazelcast/explorer/configuration for changes.
[2019-08-02 12:48:23,845]-[main] DEBUG Application - Watching /home/mpetuska/IdeaProjects/Personal/hazelcast-explorer-v3/build/classes/kotlin/backend/main/lt/petuska/hazelcast/explorer/service/environment for changes.
[2019-08-02 12:48:23,845]-[main] DEBUG Application - Watching /home/mpetuska/IdeaProjects/Personal/hazelcast-explorer-v3/build/classes/kotlin/backend/main/lt/petuska/hazelcast/explorer/domain/environment/target for changes.
[2019-08-02 12:48:23,845]-[main] DEBUG Application - Watching /home/mpetuska/IdeaProjects/Personal/hazelcast-explorer-v3/build/classes/kotlin/backend/main/lt/petuska/hazelcast/explorer/domain/environment for changes.
[2019-08-02 12:48:24,217]-[main] INFO  Application - Responding at http://0.0.0.0:8080
[2019-08-02 12:48:24,218]-[main] INFO  Application - Application started: io.ktor.application.Application@241a0c3a
[2019-08-02 12:48:24,226]-[main] DEBUG io.netty.channel.DefaultChannelId - -Dio.netty.processId: 14860 (auto-detected)
[2019-08-02 12:48:24,228]-[main] DEBUG io.netty.util.NetUtil - -Djava.net.preferIPv4Stack: false
[2019-08-02 12:48:24,228]-[main] DEBUG io.netty.util.NetUtil - -Djava.net.preferIPv6Addresses: false
[2019-08-02 12:48:24,229]-[main] DEBUG io.netty.util.NetUtil - Loopback interface: lo (lo, 0:0:0:0:0:0:0:1%lo)
[2019-08-02 12:48:24,229]-[main] DEBUG io.netty.util.NetUtil - /proc/sys/net/core/somaxconn: 128
[2019-08-02 12:48:24,231]-[main] DEBUG io.netty.channel.DefaultChannelId - -Dio.netty.machineId: 38:de:ad:ff:fe:b2:aa:2a (auto-detected)
[2019-08-02 12:48:24,240]-[main] DEBUG io.netty.util.ResourceLeakDetector - -Dio.netty.leakDetection.level: simple
[2019-08-02 12:48:24,240]-[main] DEBUG io.netty.util.ResourceLeakDetector - -Dio.netty.leakDetection.targetRecords: 4
[2019-08-02 12:48:24,260]-[main] DEBUG io.netty.buffer.PooledByteBufAllocator - -Dio.netty.allocator.numHeapArenas: 16
[2019-08-02 12:48:24,260]-[main] DEBUG io.netty.buffer.PooledByteBufAllocator - -Dio.netty.allocator.numDirectArenas: 16
[2019-08-02 12:48:24,260]-[main] DEBUG io.netty.buffer.PooledByteBufAllocator - -Dio.netty.allocator.pageSize: 8192
[2019-08-02 12:48:24,260]-[main] DEBUG io.netty.buffer.PooledByteBufAllocator - -Dio.netty.allocator.maxOrder: 11
[2019-08-02 12:48:24,260]-[main] DEBUG io.netty.buffer.PooledByteBufAllocator - -Dio.netty.allocator.chunkSize: 16777216
[2019-08-02 12:48:24,260]-[main] DEBUG io.netty.buffer.PooledByteBufAllocator - -Dio.netty.allocator.tinyCacheSize: 512
[2019-08-02 12:48:24,260]-[main] DEBUG io.netty.buffer.PooledByteBufAllocator - -Dio.netty.allocator.smallCacheSize: 256
[2019-08-02 12:48:24,260]-[main] DEBUG io.netty.buffer.PooledByteBufAllocator - -Dio.netty.allocator.normalCacheSize: 64
[2019-08-02 12:48:24,260]-[main] DEBUG io.netty.buffer.PooledByteBufAllocator - -Dio.netty.allocator.maxCachedBufferCapacity: 32768
[2019-08-02 12:48:24,260]-[main] DEBUG io.netty.buffer.PooledByteBufAllocator - -Dio.netty.allocator.cacheTrimInterval: 8192
[2019-08-02 12:48:24,260]-[main] DEBUG io.netty.buffer.PooledByteBufAllocator - -Dio.netty.allocator.cacheTrimIntervalMillis: 0
[2019-08-02 12:48:24,260]-[main] DEBUG io.netty.buffer.PooledByteBufAllocator - -Dio.netty.allocator.useCacheForAllThreads: true
[2019-08-02 12:48:24,260]-[main] DEBUG io.netty.buffer.PooledByteBufAllocator - -Dio.netty.allocator.maxCachedByteBuffersPerChunk: 1023
[2019-08-02 12:48:24,266]-[main] DEBUG io.netty.buffer.ByteBufUtil - -Dio.netty.allocator.type: pooled
[2019-08-02 12:48:24,266]-[main] DEBUG io.netty.buffer.ByteBufUtil - -Dio.netty.threadLocalDirectBufferSize: 0
[2019-08-02 12:48:24,267]-[main] DEBUG io.netty.buffer.ByteBufUtil - -Dio.netty.maxThreadLocalCharBufferSize: 16384
[2019-08-02 12:48:24,379]-[nioEventLoopGroup-3-2] DEBUG io.netty.buffer.AbstractByteBuf - -Dio.netty.buffer.checkAccessible: true
[2019-08-02 12:48:24,379]-[nioEventLoopGroup-3-2] DEBUG io.netty.buffer.AbstractByteBuf - -Dio.netty.buffer.checkBounds: true
[2019-08-02 12:48:24,380]-[nioEventLoopGroup-3-2] DEBUG io.netty.util.ResourceLeakDetectorFactory - Loaded default ResourceLeakDetector: io.netty.util.ResourceLeakDetector@29b0f63d
[2019-08-02 12:48:24,468]-[nioEventLoopGroup-3-1] DEBUG io.netty.util.Recycler - -Dio.netty.recycler.maxCapacityPerThread: 4096
[2019-08-02 12:48:24,468]-[nioEventLoopGroup-3-1] DEBUG io.netty.util.Recycler - -Dio.netty.recycler.maxSharedCapacityFactor: 2
[2019-08-02 12:48:24,468]-[nioEventLoopGroup-3-1] DEBUG io.netty.util.Recycler - -Dio.netty.recycler.linkCapacity: 16
[2019-08-02 12:48:24,468]-[nioEventLoopGroup-3-1] DEBUG io.netty.util.Recycler - -Dio.netty.recycler.ratio: 8
[2019-08-02 12:48:52,072]-[nioEventLoopGroup-4-4] INFO  Application - 200 OK: GET - /api/meta
[2019-08-02 12:48:52,256]-[nioEventLoopGroup-4-4] INFO  Application - 200 OK: GET - /favicon.ico
[2019-08-02 12:50:54,250]-[nioEventLoopGroup-4-4] INFO  Application - 200 OK: GET - /
[2019-08-02 12:50:54,303]-[nioEventLoopGroup-4-4] INFO  Application - 200 OK: GET - /css/theme/darkly.min.css
[2019-08-02 12:50:54,306]-[nioEventLoopGroup-4-5] INFO  Application - 200 OK: GET - /css/theme/flatly.min.css
[2019-08-02 12:50:55,083]-[nioEventLoopGroup-4-6] INFO  Application - 200 OK: GET - /main.bundle.js
[2019-08-02 12:50:55,740]-[nioEventLoopGroup-4-6] INFO  Application - 200 OK: GET - /api/meta
[2019-08-02 12:50:55,788]-[nioEventLoopGroup-4-5] INFO  Application - 200 OK: GET - /144dc4b102cac378e52c3a8f9506676e.svg
[2019-08-02 12:50:55,790]-[nioEventLoopGroup-4-4] INFO  Application - 200 OK: GET - /b797c2a32b22d28ae7a37968e6b8c866.png
[2019-08-02 12:50:55,791]-[nioEventLoopGroup-4-6] INFO  Application - 200 OK: GET - /5d5d9eefa31e5e13a6610d9fa7a283bb.svg
[2019-08-02 12:50:55,874]-[nioEventLoopGroup-4-7] INFO  Application - 200 OK: GET - /manifest.json
